memory profiling: sample.interval=20000
:21601181:10498709:605828384:18:"matrix" "basis$evaluate_fn" "evaluate_integral.qmc_average" "evaluate_integral" "evaluate_integral.region_composite" "evaluate_integral" "FUN" "lapply" "integrate_region_list" 
:21601467:14775884:605894688:27:"stopifnot" "evaluate_integral.qmc_average" "evaluate_integral" "evaluate_integral.region_composite" "evaluate_integral" "FUN" "lapply" "integrate_region_list" 
:21601579:16910327:605919664:11:"colMeans" "evaluate_integral.qmc_average" "evaluate_integral" "evaluate_integral.region_composite" "evaluate_integral" "FUN" "lapply" "integrate_region_list" 
:21602069:23317826:606034016:46:"matrix" "basis$evaluate_fn" "evaluate_integral.qmc_average" "evaluate_integral" "evaluate_integral.region_composite" "evaluate_integral" "FUN" "lapply" "integrate_region_list" 
:21601572:16910839:605920280:36:"matrix" "basis$evaluate_fn" "evaluate_integral.qmc_average" "evaluate_integral" "evaluate_integral.region_composite" "evaluate_integral" "FUN" "lapply" "integrate_region_list" 
:21602079:23326627:606037712:48:"matrix" "basis$evaluate_fn" "evaluate_integral.qmc_average" "evaluate_integral" "evaluate_integral.region_composite" "evaluate_integral" "FUN" "lapply" "integrate_region_list" 
:21601582:16919640:605923976:36:"matrix" "basis$evaluate_fn" "evaluate_integral.qmc_average" "evaluate_integral" "evaluate_integral.region_composite" "evaluate_integral" "FUN" "lapply" "integrate_region_list" 
:21602089:23335428:606041408:48:"matrix" "basis$evaluate_fn" "evaluate_integral.qmc_average" "evaluate_integral" "evaluate_integral.region_composite" "evaluate_integral" "FUN" "lapply" "integrate_region_list" 
:21601482:14802287:605901352:26:"colMeans" "evaluate_integral.qmc_average" "evaluate_integral" "evaluate_integral.region_composite" "evaluate_integral" "FUN" "lapply" "integrate_region_list" 
:21601993:23340059:606019512:48:"evaluate_integral.region_composite" "evaluate_integral" "FUN" "lapply" "integrate_region_list" 
:21601253:10542202:605850672:13:"stopifnot" "evaluate_integral.qmc_average" "evaluate_integral" "evaluate_integral.region_composite" "evaluate_integral" "FUN" "lapply" "integrate_region_list" 
:21601475:14802799:605901968:21:"matrix" "basis$evaluate_fn" "evaluate_integral.qmc_average" "evaluate_integral" "evaluate_integral.region_composite" "evaluate_integral" "FUN" "lapply" "integrate_region_list" 
:21601983:23340571:606019568:48:"matrix" "basis$evaluate_fn" "evaluate_integral.qmc_average" "evaluate_integral" "evaluate_integral.region_composite" "evaluate_integral" "FUN" "lapply" "integrate_region_list" 
:21601358:12677157:605876264:24:"matrix" "basis$evaluate_fn" "evaluate_integral.qmc_average" "evaluate_integral" "evaluate_integral.region_composite" "evaluate_integral" "FUN" "lapply" "integrate_region_list" 
:21601866:21214929:605993864:48:"matrix" "basis$evaluate_fn" "evaluate_integral.qmc_average" "evaluate_integral" "evaluate_integral.region_composite" "evaluate_integral" "FUN" "lapply" "integrate_region_list" 
:21601241:10551515:605850560:24:"matrix" "basis$evaluate_fn" "evaluate_integral.qmc_average" "evaluate_integral" "evaluate_integral.region_composite" "evaluate_integral" "FUN" "lapply" "integrate_region_list" 
:21601876:21223730:605997560:60:"matrix" "basis$evaluate_fn" "evaluate_integral.qmc_average" "evaluate_integral" "evaluate_integral.region_composite" "evaluate_integral" "FUN" "lapply" "integrate_region_list" 
:21602129:8441990:606056192:24:"matrix" "basis$evaluate_fn" "evaluate_integral.qmc_average" "evaluate_integral" "evaluate_integral.region_composite" "evaluate_integral" "FUN" "lapply" "integrate_region_list" 
:21601886:21232531:606001256:60:"matrix" "basis$evaluate_fn" "evaluate_integral.qmc_average" "evaluate_integral" "evaluate_integral.region_composite" "evaluate_integral" "FUN" "lapply" "integrate_region_list" 
:21602045:23375263:606038160:15:"stopifnot" "evaluate_integral.qmc_average" "evaluate_integral" "evaluate_integral.region_composite" "evaluate_integral" "FUN" "lapply" "integrate_region_list" 
:21602139:23379433:606059888:9:"matrix" "basis$evaluate_fn" "evaluate_integral.qmc_average" "evaluate_integral" "evaluate_integral.region_composite" "evaluate_integral" "FUN" "lapply" "integrate_region_list" 
:21601769:19106889:605975552:48:"matrix" "basis$evaluate_fn" "evaluate_integral.qmc_average" "evaluate_integral" "evaluate_integral.region_composite" "evaluate_integral" "FUN" "lapply" "integrate_region_list" 
:21602149:23388234:606063584:36:"matrix" "basis$evaluate_fn" "evaluate_integral.qmc_average" "evaluate_integral" "evaluate_integral.region_composite" "evaluate_integral" "FUN" "lapply" "integrate_region_list" 
:21601669:16989536:605952928:38:"colMeans" "evaluate_integral.qmc_average" "evaluate_integral" "evaluate_integral.region_composite" "evaluate_integral" "FUN" "lapply" "integrate_region_list" 
:21602159:23397035:606067280:46:"matrix" "basis$evaluate_fn" "evaluate_integral.qmc_average" "evaluate_integral" "evaluate_integral.region_composite" "evaluate_integral" "FUN" "lapply" "integrate_region_list" 
:21601679:16998337:605956624:38:"colMeans" "evaluate_integral.qmc_average" "evaluate_integral" "evaluate_integral.region_composite" "evaluate_integral" "FUN" "lapply" "integrate_region_list" 
:21602169:23405836:606070976:46:"matrix" "basis$evaluate_fn" "evaluate_integral.qmc_average" "evaluate_integral" "evaluate_integral.region_composite" "evaluate_integral" "FUN" "lapply" "integrate_region_list" 
:21600805:14767595:605866016:24:"matrix" "basis$evaluate_fn" "evaluate_integral.qmc_average" "evaluate_integral" "evaluate_integral.region_composite" "evaluate_integral" "FUN" "lapply" "integrate_region_list" 
:21601330:23313656:605986696:50:"colMeans" "evaluate_integral.qmc_average" "evaluate_integral" "evaluate_integral.region_composite" "evaluate_integral" "FUN" "lapply" "integrate_region_list" 
:21600815:14776396:605869712:34:"matrix" "basis$evaluate_fn" "evaluate_integral.qmc_average" "evaluate_integral" "evaluate_integral.region_composite" "evaluate_integral" "FUN" "lapply" "integrate_region_list" 
:21601323:23314168:605987312:48:"matrix" "basis$evaluate_fn" "evaluate_integral.qmc_average" "evaluate_integral" "evaluate_integral.region_composite" "evaluate_integral" "FUN" "lapply" "integrate_region_list" 
:21600603:10524600:605822112:15:"stopifnot" "evaluate_integral.qmc_average" "evaluate_integral" "evaluate_integral.region_composite" "evaluate_integral" "FUN" "lapply" "integrate_region_list" 
:21600715:12659043:605847088:11:"colMeans" "evaluate_integral.qmc_average" "evaluate_integral" "evaluate_integral.region_composite" "evaluate_integral" "FUN" "lapply" "integrate_region_list" 
:21601223:21196815:605964688:48:"colMeans" "evaluate_integral.qmc_average" "evaluate_integral" "evaluate_integral.region_composite" "evaluate_integral" "FUN" "lapply" "integrate_region_list" 
:21601459:23335428:606020240:22:"matrix" "basis$evaluate_fn" "evaluate_integral.qmc_average" "evaluate_integral" "evaluate_integral.region_composite" "evaluate_integral" "FUN" "lapply" "integrate_region_list" 
:21600962:16928441:605906504:36:"matrix" "basis$evaluate_fn" "evaluate_integral.qmc_average" "evaluate_integral" "evaluate_integral.region_composite" "evaluate_integral" "FUN" "lapply" "integrate_region_list" 
:21601469:23344229:606023936:48:"matrix" "basis$evaluate_fn" "evaluate_integral.qmc_average" "evaluate_integral" "evaluate_integral.region_composite" "evaluate_integral" "FUN" "lapply" "integrate_region_list" 
:21600845:14802799:605880800:24:"matrix" "basis$evaluate_fn" "evaluate_integral.qmc_average" "evaluate_integral" "evaluate_integral.region_composite" "evaluate_integral" "FUN" "lapply" "integrate_region_list" 
:21601353:23340571:605998400:48:"matrix" "basis$evaluate_fn" "evaluate_integral.qmc_average" "evaluate_integral" "evaluate_integral.region_composite" "evaluate_integral" "FUN" "lapply" "integrate_region_list" 
:21600745:12685446:605858176:26:"colMeans" "evaluate_integral.qmc_average" "evaluate_integral" "evaluate_integral.region_composite" "evaluate_integral" "FUN" "lapply" "integrate_region_list" 
:21601268:21223218:605980200:49:"stopifnot" "evaluate_integral.qmc_average" "evaluate_integral" "evaluate_integral.region_composite" "evaluate_integral" "FUN" "lapply" "integrate_region_list" 
:21601268:21223218:605980200:0:"stopifnot" "evaluate_integral.qmc_average" "evaluate_integral" "evaluate_integral.region_composite" "evaluate_integral" "FUN" "lapply" "integrate_region_list" 
:21600611:10551515:605829392:21:"matrix" "basis$evaluate_fn" "evaluate_integral.qmc_average" "evaluate_integral" "evaluate_integral.region_composite" "evaluate_integral" "FUN" "lapply" "integrate_region_list" 
:21601193:19106007:605970176:63:"...elt" "stopifnot" "map_unit_square_to_triangle" "evaluate_integral.qmc_average" "evaluate_integral" "evaluate_integral.region_composite" "evaluate_integral" "FUN" "lapply" "integrate_region_list" 
:21601512:23379063:606040904:26:"matrix" "basis$evaluate_fn" "evaluate_integral.qmc_average" "evaluate_integral" "evaluate_integral.region_composite" "evaluate_integral" "FUN" "lapply" "integrate_region_list" 
:21601262:21240962:605981936:60:"matrix" "basis$evaluate_fn" "evaluate_integral.qmc_average" "evaluate_integral" "evaluate_integral.region_composite" "evaluate_integral" "FUN" "lapply" "integrate_region_list" 
:21601515:23387864:606040568:24:"matrix" "basis$evaluate_fn" "evaluate_integral.qmc_average" "evaluate_integral" "evaluate_integral.region_composite" "evaluate_integral" "FUN" "lapply" "integrate_region_list" 
:21601272:21249763:605985632:60:"matrix" "basis$evaluate_fn" "evaluate_integral.qmc_average" "evaluate_integral" "evaluate_integral.region_composite" "evaluate_integral" "FUN" "lapply" "integrate_region_list" 
:21601525:23396665:606044264:24:"matrix" "basis$evaluate_fn" "evaluate_integral.qmc_average" "evaluate_integral" "evaluate_integral.region_composite" "evaluate_integral" "FUN" "lapply" "integrate_region_list" 
:21601060:16997967:605938032:39:"stopifnot" "evaluate_integral.qmc_average" "evaluate_integral" "evaluate_integral.region_composite" "evaluate_integral" "FUN" "lapply" "integrate_region_list" 
:21601172:19132410:605963008:11:"colMeans" "evaluate_integral.qmc_average" "evaluate_integral" "evaluate_integral.region_composite" "evaluate_integral" "FUN" "lapply" "integrate_region_list" 
:21601535:23405466:606047960:34:"matrix" "basis$evaluate_fn" "evaluate_integral.qmc_average" "evaluate_integral" "evaluate_integral.region_composite" "evaluate_integral" "FUN" "lapply" "integrate_region_list" 
:21601038:16998479:605934224:36:"matrix" "basis$evaluate_fn" "evaluate_integral.qmc_average" "evaluate_integral" "evaluate_integral.region_composite" "evaluate_integral" "FUN" "lapply" "integrate_region_list" 
:21601545:23414267:606051656:48:"matrix" "basis$evaluate_fn" "evaluate_integral.qmc_average" "evaluate_integral" "evaluate_integral.region_composite" "evaluate_integral" "FUN" "lapply" "integrate_region_list" 
:21601048:17007280:605937920:36:"matrix" "basis$evaluate_fn" "evaluate_integral.qmc_average" "evaluate_integral" "evaluate_integral.region_composite" "evaluate_integral" "FUN" "lapply" "integrate_region_list" 
:21601555:23423068:606055352:48:"matrix" "basis$evaluate_fn" "evaluate_integral.qmc_average" "evaluate_integral" "evaluate_integral.region_composite" "evaluate_integral" "FUN" "lapply" "integrate_region_list" 
:21601058:17016081:605941616:36:"matrix" "basis$evaluate_fn" "evaluate_integral.qmc_average" "evaluate_integral" "evaluate_integral.region_composite" "evaluate_integral" "FUN" "lapply" "integrate_region_list" 
:21601565:23431869:606059048:48:"matrix" "basis$evaluate_fn" "evaluate_integral.qmc_average" "evaluate_integral" "evaluate_integral.region_composite" "evaluate_integral" "FUN" "lapply" "integrate_region_list" 
:21601068:17024882:605945312:36:"matrix" "basis$evaluate_fn" "evaluate_integral.qmc_average" "evaluate_integral" "evaluate_integral.region_composite" "evaluate_integral" "FUN" "lapply" "integrate_region_list" 
:21601575:23440670:606062744:48:"matrix" "basis$evaluate_fn" "evaluate_integral.qmc_average" "evaluate_integral" "evaluate_integral.region_composite" "evaluate_integral" "FUN" "lapply" "integrate_region_list" 
:21601078:17033683:605949008:36:"matrix" "basis$evaluate_fn" "evaluate_integral.qmc_average" "evaluate_integral" "evaluate_integral.region_composite" "evaluate_integral" "FUN" "lapply" "integrate_region_list" 
:21601364:21310858:606015312:27:"stopifnot" "evaluate_integral.qmc_average" "evaluate_integral" "evaluate_integral.region_composite" "evaluate_integral" "FUN" "lapply" "integrate_region_list" 
:21601476:23445301:606040288:11:"colMeans" "evaluate_integral.qmc_average" "evaluate_integral" "evaluate_integral.region_composite" "evaluate_integral" "FUN" "lapply" "integrate_region_list" 
:21600872:12781887:605905776:28:"stopifnot" "map_unit_square_to_triangle" "evaluate_integral.qmc_average" "evaluate_integral" "evaluate_integral.region_composite" "evaluate_integral" "FUN" "lapply" "integrate_region_list" 
:21601469:23445813:606040904:54:"matrix" "basis$evaluate_fn" "evaluate_integral.qmc_average" "evaluate_integral" "evaluate_integral.region_composite" "evaluate_integral" "FUN" "lapply" "integrate_region_list" 
:21600844:12782399:605897600:24:"matrix" "basis$evaluate_fn" "evaluate_integral.qmc_average" "evaluate_integral" "evaluate_integral.region_composite" "evaluate_integral" "FUN" "lapply" "integrate_region_list" 
:21601369:21328460:606018280:50:"colMeans" "evaluate_integral.qmc_average" "evaluate_integral" "evaluate_integral.region_composite" "evaluate_integral" "FUN" "lapply" "integrate_region_list" 
:21600854:12791200:605901296:34:"matrix" "basis$evaluate_fn" "evaluate_integral.qmc_average" "evaluate_integral" "evaluate_integral.region_composite" "evaluate_integral" "FUN" "lapply" "integrate_region_list" 
:21601379:21337261:606021976:50:"colMeans" "evaluate_integral.qmc_average" "evaluate_integral" "evaluate_integral.region_composite" "evaluate_integral" "FUN" "lapply" "integrate_region_list" 
:21600864:12800001:605904992:34:"matrix" "basis$evaluate_fn" "evaluate_integral.qmc_average" "evaluate_integral" "evaluate_integral.region_composite" "evaluate_integral" "FUN" "lapply" "integrate_region_list" 
:21601150:17077176:605971296:27:"stopifnot" "evaluate_integral.qmc_average" "evaluate_integral" "evaluate_integral.region_composite" "evaluate_integral" "FUN" "lapply" "integrate_region_list" 
:21601372:21337773:606022592:21:"matrix" "basis$evaluate_fn" "evaluate_integral.qmc_average" "evaluate_integral" "evaluate_integral.region_composite" "evaluate_integral" "FUN" "lapply" "integrate_region_list" 
:21601625:23484675:606081224:24:"matrix" "basis$evaluate_fn" "evaluate_integral.qmc_average" "evaluate_integral" "evaluate_integral.region_composite" "evaluate_integral" "FUN" "lapply" "integrate_region_list" 
:21601255:19212131:605996888:48:"matrix" "basis$evaluate_fn" "evaluate_integral.qmc_average" "evaluate_integral" "evaluate_integral.region_composite" "evaluate_integral" "FUN" "lapply" "integrate_region_list" 
:21601635:23493476:606084920:36:"matrix" "basis$evaluate_fn" "evaluate_integral.qmc_average" "evaluate_integral" "evaluate_integral.region_composite" "evaluate_integral" "FUN" "lapply" "integrate_region_list" 
:21601282:19229221:606003664:50:"colMeans" "evaluate_integral.qmc_average" "evaluate_integral" "evaluate_integral.region_composite" "evaluate_integral" "FUN" "lapply" "integrate_region_list" 
:21601645:23502277:606088616:34:"matrix" "basis$evaluate_fn" "evaluate_integral.qmc_average" "evaluate_integral" "evaluate_integral.region_composite" "evaluate_integral" "FUN" "lapply" "integrate_region_list" 
:21601645:23502277:606088616:0:"matrix" "basis$evaluate_fn" "evaluate_integral.qmc_average" "evaluate_integral" "evaluate_integral.region_composite" "evaluate_integral" "FUN" "lapply" "integrate_region_list" 
:21601645:23502277:606088616:0:"matrix" "basis$evaluate_fn" "evaluate_integral.qmc_average" "evaluate_integral" "evaluate_integral.region_composite" "evaluate_integral" "FUN" "lapply" "integrate_region_list" 
:21601645:23502277:606088616:0:"matrix" "basis$evaluate_fn" "evaluate_integral.qmc_average" "evaluate_integral" "evaluate_integral.region_composite" "evaluate_integral" "FUN" "lapply" "integrate_region_list" 
:21601645:23502277:606088616:0:"matrix" "basis$evaluate_fn" "evaluate_integral.qmc_average" "evaluate_integral" "evaluate_integral.region_composite" "evaluate_integral" "FUN" "lapply" "integrate_region_list" 
:21601645:23502277:606088616:0:"matrix" "basis$evaluate_fn" "evaluate_integral.qmc_average" "evaluate_integral" "evaluate_integral.region_composite" "evaluate_integral" "FUN" "lapply" "integrate_region_list" 
:21601645:23502277:606088616:0:"matrix" "basis$evaluate_fn" "evaluate_integral.qmc_average" "evaluate_integral" "evaluate_integral.region_composite" "evaluate_integral" "FUN" "lapply" "integrate_region_list" 
:21601645:23502277:606088616:0:"matrix" "basis$evaluate_fn" "evaluate_integral.qmc_average" "evaluate_integral" "evaluate_integral.region_composite" "evaluate_integral" "FUN" "lapply" "integrate_region_list" 
:21601645:23502277:606088616:0:"matrix" "basis$evaluate_fn" "evaluate_integral.qmc_average" "evaluate_integral" "evaluate_integral.region_composite" "evaluate_integral" "FUN" "lapply" "integrate_region_list" 
:21601645:23502277:606088616:0:"matrix" "basis$evaluate_fn" "evaluate_integral.qmc_average" "evaluate_integral" "evaluate_integral.region_composite" "evaluate_integral" "FUN" "lapply" "integrate_region_list" 
:21601645:23502277:606088616:0:"matrix" "basis$evaluate_fn" "evaluate_integral.qmc_average" "evaluate_integral" "evaluate_integral.region_composite" "evaluate_integral" "FUN" "lapply" "integrate_region_list" 
:21601645:23502277:606088616:0:"matrix" "basis$evaluate_fn" "evaluate_integral.qmc_average" "evaluate_integral" "evaluate_integral.region_composite" "evaluate_integral" "FUN" "lapply" "integrate_region_list" 
:21601645:23502277:606088616:0:"matrix" "basis$evaluate_fn" "evaluate_integral.qmc_average" "evaluate_integral" "evaluate_integral.region_composite" "evaluate_integral" "FUN" "lapply" "integrate_region_list" 
:21601645:23502277:606088616:0:"matrix" "basis$evaluate_fn" "evaluate_integral.qmc_average" "evaluate_integral" "evaluate_integral.region_composite" "evaluate_integral" "FUN" "lapply" "integrate_region_list" 
:21601645:23502277:606088616:0:"matrix" "basis$evaluate_fn" "evaluate_integral.qmc_average" "evaluate_integral" "evaluate_integral.region_composite" "evaluate_integral" "FUN" "lapply" "integrate_region_list" 
:21601645:23502277:606088616:0:"matrix" "basis$evaluate_fn" "evaluate_integral.qmc_average" "evaluate_integral" "evaluate_integral.region_composite" "evaluate_integral" "FUN" "lapply" "integrate_region_list" 
:21601645:23502277:606088616:0:"matrix" "basis$evaluate_fn" "evaluate_integral.qmc_average" "evaluate_integral" "evaluate_integral.region_composite" "evaluate_integral" "FUN" "lapply" "integrate_region_list" 
:21601645:23502277:606088616:0:"matrix" "basis$evaluate_fn" "evaluate_integral.qmc_average" "evaluate_integral" "evaluate_integral.region_composite" "evaluate_integral" "FUN" "lapply" "integrate_region_list" 
:21601645:23502277:606088616:0:"matrix" "basis$evaluate_fn" "evaluate_integral.qmc_average" "evaluate_integral" "evaluate_integral.region_composite" "evaluate_integral" "FUN" "lapply" "integrate_region_list" 
:21601645:23502277:606088616:0:"matrix" "basis$evaluate_fn" "evaluate_integral.qmc_average" "evaluate_integral" "evaluate_integral.region_composite" "evaluate_integral" "FUN" "lapply" "integrate_region_list" 
:21601645:23502277:606088616:0:"matrix" "basis$evaluate_fn" "evaluate_integral.qmc_average" "evaluate_integral" "evaluate_integral.region_composite" "evaluate_integral" "FUN" "lapply" "integrate_region_list" 
:21601645:23502277:606088616:0:"matrix" "basis$evaluate_fn" "evaluate_integral.qmc_average" "evaluate_integral" "evaluate_integral.region_composite" "evaluate_integral" "FUN" "lapply" "integrate_region_list" 
:21601645:23502277:606088616:0:"matrix" "basis$evaluate_fn" "evaluate_integral.qmc_average" "evaluate_integral" "evaluate_integral.region_composite" "evaluate_integral" "FUN" "lapply" "integrate_region_list" 
:21601645:23502277:606088616:0:"matrix" "basis$evaluate_fn" "evaluate_integral.qmc_average" "evaluate_integral" "evaluate_integral.region_composite" "evaluate_integral" "FUN" "lapply" "integrate_region_list" 
:21601645:23502277:606088616:0:"matrix" "basis$evaluate_fn" "evaluate_integral.qmc_average" "evaluate_integral" "evaluate_integral.region_composite" "evaluate_integral" "FUN" "lapply" "integrate_region_list" 
:21601645:23502277:606088616:0:"matrix" "basis$evaluate_fn" "evaluate_integral.qmc_average" "evaluate_integral" "evaluate_integral.region_composite" "evaluate_integral" "FUN" "lapply" "integrate_region_list" 
:21601645:23502277:606088616:0:"matrix" "basis$evaluate_fn" "evaluate_integral.qmc_average" "evaluate_integral" "evaluate_integral.region_composite" "evaluate_integral" "FUN" "lapply" "integrate_region_list" 
:21601645:23502277:606088616:0:"matrix" "basis$evaluate_fn" "evaluate_integral.qmc_average" "evaluate_integral" "evaluate_integral.region_composite" "evaluate_integral" "FUN" "lapply" "integrate_region_list" 
:21601645:23502277:606088616:0:"matrix" "basis$evaluate_fn" "evaluate_integral.qmc_average" "evaluate_integral" "evaluate_integral.region_composite" "evaluate_integral" "FUN" "lapply" "integrate_region_list" 
:21601645:23502277:606088616:0:"matrix" "basis$evaluate_fn" "evaluate_integral.qmc_average" "evaluate_integral" "evaluate_integral.region_composite" "evaluate_integral" "FUN" "lapply" "integrate_region_list" 
:21601645:23502277:606088616:0:"matrix" "basis$evaluate_fn" "evaluate_integral.qmc_average" "evaluate_integral" "evaluate_integral.region_composite" "evaluate_integral" "FUN" "lapply" "integrate_region_list" 
:21601645:23502277:606088616:0:"matrix" "basis$evaluate_fn" "evaluate_integral.qmc_average" "evaluate_integral" "evaluate_integral.region_composite" "evaluate_integral" "FUN" "lapply" "integrate_region_list" 
:21601645:23502277:606088616:0:"matrix" "basis$evaluate_fn" "evaluate_integral.qmc_average" "evaluate_integral" "evaluate_integral.region_composite" "evaluate_integral" "FUN" "lapply" "integrate_region_list" 
:21601645:23502277:606088616:0:"matrix" "basis$evaluate_fn" "evaluate_integral.qmc_average" "evaluate_integral" "evaluate_integral.region_composite" "evaluate_integral" "FUN" "lapply" "integrate_region_list" 
:21601645:23502277:606088616:0:"matrix" "basis$evaluate_fn" "evaluate_integral.qmc_average" "evaluate_integral" "evaluate_integral.region_composite" "evaluate_integral" "FUN" "lapply" "integrate_region_list" 
:21601645:23502277:606088616:0:"matrix" "basis$evaluate_fn" "evaluate_integral.qmc_average" "evaluate_integral" "evaluate_integral.region_composite" "evaluate_integral" "FUN" "lapply" "integrate_region_list" 
:21601645:23502277:606088616:0:"matrix" "basis$evaluate_fn" "evaluate_integral.qmc_average" "evaluate_integral" "evaluate_integral.region_composite" "evaluate_integral" "FUN" "lapply" "integrate_region_list" 
:21601645:23502277:606088616:0:"matrix" "basis$evaluate_fn" "evaluate_integral.qmc_average" "evaluate_integral" "evaluate_integral.region_composite" "evaluate_integral" "FUN" "lapply" "integrate_region_list" 
:21601645:23502277:606088616:0:"matrix" "basis$evaluate_fn" "evaluate_integral.qmc_average" "evaluate_integral" "evaluate_integral.region_composite" "evaluate_integral" "FUN" "lapply" "integrate_region_list" 
:21601645:23502277:606088616:0:"matrix" "basis$evaluate_fn" "evaluate_integral.qmc_average" "evaluate_integral" "evaluate_integral.region_composite" "evaluate_integral" "FUN" "lapply" "integrate_region_list" 
:21414920:8281535:604139704:0:"matrix" "basis$evaluate_fn" "evaluate_integral.qmc_average" "evaluate_integral" "evaluate_integral.region_composite" "evaluate_integral" "FUN" "lapply" "integrate_region_list" 
:21414920:8281535:604139704:0:"matrix" "basis$evaluate_fn" "evaluate_integral.qmc_average" "evaluate_integral" "evaluate_integral.region_composite" "evaluate_integral" "FUN" "lapply" "integrate_region_list" 
:21414920:8281535:604139704:0:"matrix" "basis$evaluate_fn" "evaluate_integral.qmc_average" "evaluate_integral" "evaluate_integral.region_composite" "evaluate_integral" "FUN" "lapply" "integrate_region_list" 
:21414920:8281535:604139704:0:"matrix" "basis$evaluate_fn" "evaluate_integral.qmc_average" "evaluate_integral" "evaluate_integral.region_composite" "evaluate_integral" "FUN" "lapply" "integrate_region_list" 
:21414920:8281535:604139704:0:"matrix" "basis$evaluate_fn" "evaluate_integral.qmc_average" "evaluate_integral" "evaluate_integral.region_composite" "evaluate_integral" "FUN" "lapply" "integrate_region_list" 
:21414920:8281535:604139704:0:"matrix" "basis$evaluate_fn" "evaluate_integral.qmc_average" "evaluate_integral" "evaluate_integral.region_composite" "evaluate_integral" "FUN" "lapply" "integrate_region_list" 
:21414953:10411808:604147376:3:"stopifnot" "evaluate_integral.qmc_average" "evaluate_integral" "evaluate_integral.region_composite" "evaluate_integral" "FUN" "lapply" "integrate_region_list" 
:21414953:10411808:604147376:0:"stopifnot" "evaluate_integral.qmc_average" "evaluate_integral" "evaluate_integral.region_composite" "evaluate_integral" "FUN" "lapply" "integrate_region_list" 
:21414953:10411808:604147376:0:"stopifnot" "evaluate_integral.qmc_average" "evaluate_integral" "evaluate_integral.region_composite" "evaluate_integral" "FUN" "lapply" "integrate_region_list" 
:21414953:10411808:604147376:0:"stopifnot" "evaluate_integral.qmc_average" "evaluate_integral" "evaluate_integral.region_composite" "evaluate_integral" "FUN" "lapply" "integrate_region_list" 
:21414953:10411808:604147376:0:"stopifnot" "evaluate_integral.qmc_average" "evaluate_integral" "evaluate_integral.region_composite" "evaluate_integral" "FUN" "lapply" "integrate_region_list" 
:21414953:10411808:604147376:0:"stopifnot" "evaluate_integral.qmc_average" "evaluate_integral" "evaluate_integral.region_composite" "evaluate_integral" "FUN" "lapply" "integrate_region_list" 
:21415302:16806848:604228072:33:"matrix" "basis$evaluate_fn" "evaluate_integral.qmc_average" "evaluate_integral" "evaluate_integral.region_composite" "evaluate_integral" "FUN" "lapply" "integrate_region_list" 
:21415683:23210177:604316272:36:"matrix" "basis$evaluate_fn" "evaluate_integral.qmc_average" "evaluate_integral" "evaluate_integral.region_composite" "evaluate_integral" "FUN" "lapply" "integrate_region_list" 
:21416064:29613506:604404472:36:"matrix" "basis$evaluate_fn" "evaluate_integral.qmc_average" "evaluate_integral" "evaluate_integral.region_composite" "evaluate_integral" "FUN" "lapply" "integrate_region_list" 
:21416444:33894851:604492504:36:"matrix" "basis$evaluate_fn" "evaluate_integral.qmc_average" "evaluate_integral" "evaluate_integral.region_composite" "evaluate_integral" "FUN" "lapply" "integrate_region_list" 
:21415312:16815649:604231768:36:"matrix" "basis$evaluate_fn" "evaluate_integral.qmc_average" "evaluate_integral" "evaluate_integral.region_composite" "evaluate_integral" "FUN" "lapply" "integrate_region_list" 
:21415725:23227267:604327472:39:"stopifnot" "evaluate_integral.qmc_average" "evaluate_integral" "evaluate_integral.region_composite" "evaluate_integral" "FUN" "lapply" "integrate_region_list" 
:21415820:25353421:604349368:9:"matrix" "basis$evaluate_fn" "evaluate_integral.qmc_average" "evaluate_integral" "evaluate_integral.region_composite" "evaluate_integral" "FUN" "lapply" "integrate_region_list" 
:21416201:31756750:604437568:36:"matrix" "basis$evaluate_fn" "evaluate_integral.qmc_average" "evaluate_integral" "evaluate_integral.region_composite" "evaluate_integral" "FUN" "lapply" "integrate_region_list" 
:21416454:33903652:604496200:24:"matrix" "basis$evaluate_fn" "evaluate_integral.qmc_average" "evaluate_integral" "evaluate_integral.region_composite" "evaluate_integral" "FUN" "lapply" "integrate_region_list" 
:21415322:16824450:604235464:36:"matrix" "basis$evaluate_fn" "evaluate_integral.qmc_average" "evaluate_integral" "evaluate_integral.region_composite" "evaluate_integral" "FUN" "lapply" "integrate_region_list" 
:21415703:23227779:604323664:36:"matrix" "basis$evaluate_fn" "evaluate_integral.qmc_average" "evaluate_integral" "evaluate_integral.region_composite" "evaluate_integral" "FUN" "lapply" "integrate_region_list" 
:21416101:29639397:604414944:38:"colMeans" "evaluate_integral.qmc_average" "evaluate_integral" "evaluate_integral.region_composite" "evaluate_integral" "FUN" "lapply" "integrate_region_list" 
:21416464:33912453:604499896:34:"matrix" "basis$evaluate_fn" "evaluate_integral.qmc_average" "evaluate_integral" "evaluate_integral.region_composite" "evaluate_integral" "FUN" "lapply" "integrate_region_list" 
:21415332:16833251:604239160:36:"matrix" "basis$evaluate_fn" "evaluate_integral.qmc_average" "evaluate_integral" "evaluate_integral.region_composite" "evaluate_integral" "FUN" "lapply" "integrate_region_list" 
:21415608:21139439:604304456:26:
:21415608:21139439:604304456:0:
:21415608:21139439:604304456:0:
:21415608:21139439:604304456:0:
:21415608:21139439:604304456:0:
:21415608:21139439:604304456:0:
:21415608:21139439:604304456:0:
